<?xml version="1.0" encoding="UTF-8"?>
<!-- Generated by org.testng.reporters.JUnitReportReporter -->
<testsuite skipped="0" hostname="Imtiaz" name="ClsLoginPage" tests="1" failures="0" timestamp="08 Mar 2019 08:16:08 GMT" time="0.028" errors="0">
  <testcase name="myTest" time="0.028" classname="ClsLoginPage"/>
</testsuite> <!-- ClsLoginPage -->
